<?xml version="1.0" encoding="UTF-8"?>
<!-- Generated by org.testng.reporters.JUnitReportReporter -->
<testsuite skipped="0" hostname="DESKTOP-QLL65GV" name="qa.tests.LoginTest" tests="1" failures="0" timestamp="19 Jun 2020 13:33:01 GMT" time="0.032" errors="0">
  <testcase name="test1" time="0.032" classname="qa.tests.LoginTest"/>
</testsuite> <!-- qa.tests.LoginTest -->
