<?xml version="1.0" encoding="UTF-8"?>
<!-- Generated by org.testng.reporters.JUnitReportReporter -->
<testsuite skipped="0" hostname="DESKTOP-QLL65GV" name="qa.tests.LoginTest" tests="1" failures="0" timestamp="06 May 2020 18:19:21 GMT" time="0.013" errors="0">
  <testcase name="test1" time="0.013" classname="qa.tests.LoginTest"/>
</testsuite> <!-- qa.tests.LoginTest -->
